<?xml version="1.0" encoding="UTF-8"?>
<coverage generated="1686617698117" clover="3.2.0">
  <project timestamp="1686617698117" name="All files">
    <metrics statements="4" coveredstatements="4" conditionals="0" coveredconditionals="0" methods="1" coveredmethods="1" elements="5" coveredelements="5" complexity="0" loc="4" ncloc="4" packages="1" files="1" classes="1"/>
    <file name="script.js" path="/home/matheus/Área de Trabalho/trybe-exercicios/trybe-fundamentos/secao-6/dia3-matchers/script.js">
      <metrics statements="4" coveredstatements="4" conditionals="0" coveredconditionals="0" methods="1" coveredmethods="1"/>
      <line num="1" count="1" type="stmt"/>
      <line num="2" count="3" type="stmt"/>
      <line num="3" count="3" type="stmt"/>
      <line num="6" count="1" type="stmt"/>
    </file>
  </project>
</coverage>
